[2021-11-22 11-40-59] Текст ошибки : Too few arguments to function app\widgets\menu\Menu::getMenuHtml(), 0 passed in C:\xampp\htdocs\clock\app\widgets\menu\Menu.php on line 58 and at least 1 expected | Файл : C:\xampp\htdocs\clock\app\widgets\menu\Menu.php | Строка : 85
=====================
[2021-11-23 08-23-47] Текст ошибки : Контроллер app\controllers\CategoryController не был найден | Файл : C:\xampp\htdocs\clock\vendor\clock\core\Router.php | Строка : 41
=====================
[2021-11-23 08-29-35] Текст ошибки : Контроллер app\controllers\CategoryController не был найден | Файл : C:\xampp\htdocs\clock\vendor\clock\core\Router.php | Строка : 41
=====================
[2021-11-23 08-30-57] Текст ошибки : Контроллер app\controllers\CategoryController не был найден | Файл : C:\xampp\htdocs\clock\vendor\clock\core\Router.php | Строка : 41
=====================
[2021-11-23 08-31-03] Текст ошибки : Контроллер app\controllers\CategoryController не был найден | Файл : C:\xampp\htdocs\clock\vendor\clock\core\Router.php | Строка : 41
=====================
[2021-11-23 08-35-21] Текст ошибки : Файл был не найден | Файл : C:\xampp\htdocs\clock\vendor\clock\core\Router.php | Строка : 45
=====================
[2021-11-23 08-35-44] Текст ошибки : Файл был не найден | Файл : C:\xampp\htdocs\clock\vendor\clock\core\Router.php | Строка : 45
=====================
[2021-11-23 08-35-50] Текст ошибки : Файл был не найден | Файл : C:\xampp\htdocs\clock\vendor\clock\core\Router.php | Строка : 45
=====================
[2021-11-23 08-35-56] Текст ошибки : Файл был не найден | Файл : C:\xampp\htdocs\clock\vendor\clock\core\Router.php | Строка : 45
=====================
[2021-11-23 08-37-06] Текст ошибки : Файл был не найден | Файл : C:\xampp\htdocs\clock\vendor\clock\core\Router.php | Строка : 45
=====================
[2021-11-23 08-42-49] Текст ошибки : Контроллер app\controllers\ProductController не был найден | Файл : C:\xampp\htdocs\clock\vendor\clock\core\Router.php | Строка : 41
=====================
[2021-11-23 08-46-30] Текст ошибки : Call to undefined method app\controllers\ProductController::getView() | Файл : C:\xampp\htdocs\clock\vendor\clock\core\Router.php | Строка : 34
=====================
[2021-11-23 08-47-03] Текст ошибки : Файл был не найден | Файл : C:\xampp\htdocs\clock\vendor\clock\core\Router.php | Строка : 45
=====================
[2021-11-23 08-47-03] Текст ошибки : Файл был не найден | Файл : C:\xampp\htdocs\clock\vendor\clock\core\Router.php | Строка : 45
=====================
[2021-11-23 08-47-03] Текст ошибки : Файл был не найден | Файл : C:\xampp\htdocs\clock\vendor\clock\core\Router.php | Строка : 45
=====================
[2021-11-23 08-47-03] Текст ошибки : Файл был не найден | Файл : C:\xampp\htdocs\clock\vendor\clock\core\Router.php | Строка : 45
=====================
[2021-11-23 08-47-03] Текст ошибки : Файл был не найден | Файл : C:\xampp\htdocs\clock\vendor\clock\core\Router.php | Строка : 45
=====================
[2021-11-23 08-47-03] Текст ошибки : Файл был не найден | Файл : C:\xampp\htdocs\clock\vendor\clock\core\Router.php | Строка : 45
=====================
[2021-11-23 08-47-03] Текст ошибки : Файл был не найден | Файл : C:\xampp\htdocs\clock\vendor\clock\core\Router.php | Строка : 45
=====================
[2021-11-23 08-47-03] Текст ошибки : Файл был не найден | Файл : C:\xampp\htdocs\clock\vendor\clock\core\Router.php | Строка : 45
=====================
[2021-11-23 08-47-03] Текст ошибки : Файл был не найден | Файл : C:\xampp\htdocs\clock\vendor\clock\core\Router.php | Строка : 45
=====================
[2021-11-23 08-47-03] Текст ошибки : Файл был не найден | Файл : C:\xampp\htdocs\clock\vendor\clock\core\Router.php | Строка : 45
=====================
[2021-11-23 08-47-03] Текст ошибки : Файл был не найден | Файл : C:\xampp\htdocs\clock\vendor\clock\core\Router.php | Строка : 45
=====================
[2021-11-23 08-47-03] Текст ошибки : Файл был не найден | Файл : C:\xampp\htdocs\clock\vendor\clock\core\Router.php | Строка : 45
=====================
[2021-11-23 08-47-25] Текст ошибки : Файл был не найден | Файл : C:\xampp\htdocs\clock\vendor\clock\core\Router.php | Строка : 45
=====================
[2021-11-23 08-47-25] Текст ошибки : Файл был не найден | Файл : C:\xampp\htdocs\clock\vendor\clock\core\Router.php | Строка : 45
=====================
[2021-11-23 08-47-25] Текст ошибки : Файл был не найден | Файл : C:\xampp\htdocs\clock\vendor\clock\core\Router.php | Строка : 45
=====================
[2021-11-23 08-47-25] Текст ошибки : Файл был не найден | Файл : C:\xampp\htdocs\clock\vendor\clock\core\Router.php | Строка : 45
=====================
[2021-11-23 08-47-25] Текст ошибки : Файл был не найден | Файл : C:\xampp\htdocs\clock\vendor\clock\core\Router.php | Строка : 45
=====================
[2021-11-23 08-47-25] Текст ошибки : Файл был не найден | Файл : C:\xampp\htdocs\clock\vendor\clock\core\Router.php | Строка : 45
=====================
[2021-11-23 08-47-25] Текст ошибки : Файл был не найден | Файл : C:\xampp\htdocs\clock\vendor\clock\core\Router.php | Строка : 45
=====================
[2021-11-23 08-47-25] Текст ошибки : Файл был не найден | Файл : C:\xampp\htdocs\clock\vendor\clock\core\Router.php | Строка : 45
=====================
[2021-11-23 08-47-25] Текст ошибки : Файл был не найден | Файл : C:\xampp\htdocs\clock\vendor\clock\core\Router.php | Строка : 45
=====================
[2021-11-23 08-47-25] Текст ошибки : Файл был не найден | Файл : C:\xampp\htdocs\clock\vendor\clock\core\Router.php | Строка : 45
=====================
[2021-11-23 08-47-25] Текст ошибки : Файл был не найден | Файл : C:\xampp\htdocs\clock\vendor\clock\core\Router.php | Строка : 45
=====================
[2021-11-23 08-47-25] Текст ошибки : Файл был не найден | Файл : C:\xampp\htdocs\clock\vendor\clock\core\Router.php | Строка : 45
=====================
[2021-11-23 08-47-51] Текст ошибки : Файл был не найден | Файл : C:\xampp\htdocs\clock\vendor\clock\core\Router.php | Строка : 45
=====================
[2021-11-24 18-29-04] Текст ошибки : Too few arguments to function clock\Registry::getProperty(), 0 passed in C:\xampp\htdocs\clock\app\views\Product\view.php on line 18 and exactly 1 expected | Файл : C:\xampp\htdocs\clock\vendor\clock\core\Registry.php | Строка : 16
=====================
[2021-11-24 19-02-21] Текст ошибки : Контроллер app\controllers\CartController не был найден | Файл : C:\xampp\htdocs\clock\vendor\clock\core\Router.php | Строка : 41
=====================
[2021-12-09 18-13-14] Текст ошибки : Контроллер app\controllers\CartController не был найден | Файл : C:\xampp\htdocs\clock\vendor\clock\core\Router.php | Строка : 41
=====================
[2021-12-09 18-13-23] Текст ошибки : Контроллер app\controllers\CartController не был найден | Файл : C:\xampp\htdocs\clock\vendor\clock\core\Router.php | Строка : 41
=====================
[2021-12-15 16-35-57] Текст ошибки : Контроллер app\controllers\CartController не был найден | Файл : C:\xampp\htdocs\clock\vendor\clock\core\Router.php | Строка : 41
=====================
[2021-12-15 16-36-04] Текст ошибки : Контроллер app\controllers\CartController не был найден | Файл : C:\xampp\htdocs\clock\vendor\clock\core\Router.php | Строка : 41
=====================
[2021-12-15 16-36-15] Текст ошибки : Контроллер app\controllers\CartController не был найден | Файл : C:\xampp\htdocs\clock\vendor\clock\core\Router.php | Строка : 41
=====================
[2021-12-15 16-36-46] Текст ошибки : Контроллер app\controllers\CartController не был найден | Файл : C:\xampp\htdocs\clock\vendor\clock\core\Router.php | Строка : 41
=====================
[2021-12-15 16-37-31] Текст ошибки : Контроллер app\controllers\CartController не был найден | Файл : C:\xampp\htdocs\clock\vendor\clock\core\Router.php | Строка : 41
=====================
[2021-12-19 06-31-57] Текст ошибки : База данных не была подключенна | Файл : C:\xampp\htdocs\clock\vendor\clock\core\Db.php | Строка : 17
=====================
[2021-12-19 06-42-29] Текст ошибки : Файл был не найден | Файл : C:\xampp\htdocs\clock\vendor\clock\core\Router.php | Строка : 45
=====================
[2021-12-19 07-28-29] Текст ошибки : Файл был не найден | Файл : C:\xampp\htdocs\clock\vendor\clock\core\base\View.php | Строка : 45
=====================
[2021-12-19 07-29-19] Текст ошибки : Файл был не найден | Файл : C:\xampp\htdocs\clock\vendor\clock\core\base\View.php | Строка : 45
=====================
[2021-12-19 07-31-34] Текст ошибки : Файл был не найден | Файл : C:\xampp\htdocs\clock\vendor\clock\core\base\View.php | Строка : 45
=====================
[2021-12-19 07-33-16] Текст ошибки : Файл был не найден | Файл : C:\xampp\htdocs\clock\vendor\clock\core\base\View.php | Строка : 45
=====================
[2021-12-19 07-35-12] Текст ошибки : Файл был не найден | Файл : C:\xampp\htdocs\clock\vendor\clock\core\base\View.php | Строка : 45
=====================
[2021-12-19 08-04-43] Текст ошибки : Файл был не найден | Файл : C:\xampp\htdocs\clock\vendor\clock\core\base\View.php | Строка : 45
=====================
[2021-12-19 08-04-52] Текст ошибки : Файл был не найден | Файл : C:\xampp\htdocs\clock\vendor\clock\core\base\View.php | Строка : 45
=====================
[2021-12-19 08-11-38] Текст ошибки : Файл был не найден | Файл : C:\xampp\htdocs\clock\vendor\clock\core\base\View.php | Строка : 45
=====================
[2021-12-19 08-22-12] Текст ошибки : Файл был не найден | Файл : C:\xampp\htdocs\clock\vendor\clock\core\base\View.php | Строка : 45
=====================
[2021-12-19 08-22-36] Текст ошибки : Файл был не найден | Файл : C:\xampp\htdocs\clock\vendor\clock\core\base\View.php | Строка : 45
=====================
[2021-12-19 08-26-01] Текст ошибки : Файл был не найден | Файл : C:\xampp\htdocs\clock\vendor\clock\core\base\View.php | Строка : 45
=====================
[2021-12-19 08-57-42] Текст ошибки : Файл был не найден | Файл : C:\xampp\htdocs\clock\vendor\clock\core\Router.php | Строка : 45
=====================
[2021-12-19 09-01-16] Текст ошибки : Метод не был найден | Файл : C:\xampp\htdocs\clock\vendor\clock\core\Router.php | Строка : 37
=====================
[2021-12-19 09-13-29] Текст ошибки : Файл был не найден | Файл : C:\xampp\htdocs\clock\vendor\clock\core\Router.php | Строка : 45
=====================
[2021-12-19 09-13-29] Текст ошибки : Файл был не найден | Файл : C:\xampp\htdocs\clock\vendor\clock\core\Router.php | Строка : 45
=====================
[2021-12-19 09-13-29] Текст ошибки : Файл был не найден | Файл : C:\xampp\htdocs\clock\vendor\clock\core\Router.php | Строка : 45
=====================
[2021-12-19 09-13-29] Текст ошибки : Файл был не найден | Файл : C:\xampp\htdocs\clock\vendor\clock\core\Router.php | Строка : 45
=====================
[2021-12-19 10-06-25] Текст ошибки : Файл был не найден | Файл : C:\xampp\htdocs\clock\vendor\clock\core\Router.php | Строка : 45
=====================
[2021-12-19 10-06-28] Текст ошибки : Файл был не найден | Файл : C:\xampp\htdocs\clock\vendor\clock\core\Router.php | Строка : 45
=====================
[2021-12-21 18-40-39] Текст ошибки : Метод не был найден | Файл : C:\xampp\htdocs\clock\vendor\clock\core\Router.php | Строка : 37
=====================
[2021-12-21 18-46-07] Текст ошибки : Файл был не найден | Файл : C:\xampp\htdocs\clock\vendor\clock\core\base\View.php | Строка : 45
=====================
[2021-12-21 18-46-39] Текст ошибки : Файл был не найден | Файл : C:\xampp\htdocs\clock\vendor\clock\core\base\View.php | Строка : 45
=====================
[2021-12-21 18-47-43] Текст ошибки : Файл был не найден | Файл : C:\xampp\htdocs\clock\vendor\clock\core\base\View.php | Строка : 45
=====================
[2021-12-21 18-49-40] Текст ошибки : Файл был не найден | Файл : C:\xampp\htdocs\clock\vendor\clock\core\base\View.php | Строка : 45
=====================
[2021-12-21 19-33-33] Текст ошибки : syntax error, unexpected '->' (T_OBJECT_OPERATOR) | Файл : C:\xampp\htdocs\clock\app\controllers\CartController.php | Строка : 56
=====================
[2021-12-21 19-34-22] Текст ошибки : syntax error, unexpected '->' (T_OBJECT_OPERATOR) | Файл : C:\xampp\htdocs\clock\app\controllers\CartController.php | Строка : 56
=====================
[2021-12-22 05-33-49] Текст ошибки : Метод не был найден | Файл : C:\xampp\htdocs\clock\vendor\clock\core\Router.php | Строка : 37
=====================
